<?xml version="1.0" encoding="utf-8"?><testsuites name="pytest tests"><testsuite name="pytest" errors="0" failures="0" skipped="0" tests="25" time="35.822" timestamp="2026-02-21T15:40:33.297196+00:00" hostname="agent-env-267222f6-1dae-4c93-891d-a694ef9b911f"><testcase classname="backend.tests.test_voice_island.TestWidgetJs" name="test_widget_js_returns_200" time="10.710" /><testcase classname="backend.tests.test_voice_island.TestWidgetJs" name="test_widget_js_returns_js_content_type" time="1.029" /><testcase classname="backend.tests.test_voice_island.TestWidgetJs" name="test_widget_js_contains_vi_island_class" time="0.722" /><testcase classname="backend.tests.test_voice_island.TestWidgetJs" name="test_widget_js_contains_epViIn_keyframes" time="0.798" /><testcase classname="backend.tests.test_voice_island.TestWidgetJs" name="test_widget_js_contains_epViOut_keyframes" time="0.792" /><testcase classname="backend.tests.test_voice_island.TestWidgetJs" name="test_widget_js_contains_voice_state_machine" time="0.807" /><testcase classname="backend.tests.test_voice_island.TestWidgetJs" name="test_widget_js_contains_orb_element" time="0.795" /><testcase classname="backend.tests.test_voice_island.TestWidgetJs" name="test_widget_js_contains_vi_bars" time="0.902" /><testcase classname="backend.tests.test_voice_island.TestWidgetJs" name="test_widget_js_contains_vi_wave" time="0.941" /><testcase classname="backend.tests.test_voice_island.TestWidgetJs" name="test_widget_js_contains_bottom_center_positioning" time="0.943" /><testcase classname="backend.tests.test_voice_island.TestWidgetJs" name="test_widget_js_contains_left_50_percent" time="0.742" /><testcase classname="backend.tests.test_voice_island.TestWidgetJs" name="test_widget_js_contains_glassmorphism" time="0.830" /><testcase classname="backend.tests.test_voice_island.TestWidgetJs" name="test_widget_js_contains_mute_button" time="0.698" /><testcase classname="backend.tests.test_voice_island.TestWidgetJs" name="test_widget_js_contains_speech_recognition" time="0.741" /><testcase classname="backend.tests.test_voice_island.TestWidgetJs" name="test_widget_js_contains_speech_synthesis" time="0.844" /><testcase classname="backend.tests.test_voice_island.TestWidgetJs" name="test_widget_js_contains_silence_debounce" time="0.765" /><testcase classname="backend.tests.test_voice_island.TestWidgetJs" name="test_widget_js_contains_interim_results" time="0.811" /><testcase classname="backend.tests.test_voice_island.TestWidgetJs" name="test_widget_js_contains_localstorage" time="0.961" /><testcase classname="backend.tests.test_voice_island.TestWidgetApi" name="test_widget_init" time="1.775" /><testcase classname="backend.tests.test_voice_island.TestWidgetApi" name="test_widget_feedback" time="1.726" /><testcase classname="backend.tests.test_voice_island.TestSandboxApi" name="test_sandbox_init" time="0.796" /><testcase classname="backend.tests.test_voice_island.TestSandboxApi" name="test_sandbox_message_stream" time="4.111" /><testcase classname="backend.tests.test_voice_island.TestProjectApi" name="test_get_projects" time="0.787" /><testcase classname="backend.tests.test_voice_island.TestProjectApi" name="test_get_specific_project" time="0.976" /><testcase classname="backend.tests.test_voice_island.TestProjectApi" name="test_auth_me" time="0.688" /></testsuite></testsuites>